<?xml version="1.0" encoding="UTF-8"?>
<!-- Generated by org.testng.reporters.JUnitReportReporter -->
<testsuite skipped="0" hostname="ICPL12435" name="pages.LoginPage" tests="3" failures="0" timestamp="03 Oct 2018 10:17:51 GMT" time="33.563" errors="0">
  <testcase name="test" time="16.864" classname="pages.LoginPage"/>
  <testcase name="test" time="12.359" classname="pages.LoginPage"/>
  <testcase name="test" time="4.340" classname="pages.LoginPage"/>
</testsuite> <!-- pages.LoginPage -->
